c:\users\tuananhle\documents\visual studio 2013\projectcu\missilesim_chris\missilesim_chris\debug\vc120.pdb
c:\users\tuananhle\documents\visual studio 2013\projectcu\missilesim_chris\missilesim_chris\debug\vc120.idb
c:\users\tuananhle\documents\visual studio 2013\projectcu\missilesim_chris\missilesim_chris\debug\fileobject.obj
c:\users\tuananhle\documents\visual studio 2013\projectcu\missilesim_chris\missilesim_chris\debug\fraction.obj
c:\users\tuananhle\documents\visual studio 2013\projectcu\missilesim_chris\missilesim_chris\debug\gps.obj
c:\users\tuananhle\documents\visual studio 2013\projectcu\missilesim_chris\missilesim_chris\debug\gravity84.obj
c:\users\tuananhle\documents\visual studio 2013\projectcu\missilesim_chris\missilesim_chris\debug\imu.obj
c:\users\tuananhle\documents\visual studio 2013\projectcu\missilesim_chris\missilesim_chris\debug\latlongalt.obj
c:\users\tuananhle\documents\visual studio 2013\projectcu\missilesim_chris\missilesim_chris\debug\main.obj
c:\users\tuananhle\documents\visual studio 2013\projectcu\missilesim_chris\missilesim_chris\debug\missileeom.obj
c:\users\tuananhle\documents\visual studio 2013\projectcu\missilesim_chris\missilesim_chris\debug\missilemassprops.obj
c:\users\tuananhle\documents\visual studio 2013\projectcu\missilesim_chris\missilesim_chris\debug\missilemodel.obj
c:\users\tuananhle\documents\visual studio 2013\projectcu\missilesim_chris\missilesim_chris\debug\missilesim.obj
c:\users\tuananhle\documents\visual studio 2013\projectcu\missilesim_chris\missilesim_chris\debug\modellist.obj
c:\users\tuananhle\documents\visual studio 2013\projectcu\missilesim_chris\missilesim_chris\debug\modelstate.obj
c:\users\tuananhle\documents\visual studio 2013\projectcu\missilesim_chris\missilesim_chris\debug\parser.obj
c:\users\tuananhle\documents\visual studio 2013\projectcu\missilesim_chris\missilesim_chris\debug\randomnumbergenerator.obj
c:\users\tuananhle\documents\visual studio 2013\projectcu\missilesim_chris\missilesim_chris\debug\rungekutta4.obj
c:\users\tuananhle\documents\visual studio 2013\projectcu\missilesim_chris\missilesim_chris\debug\scheduler.obj
c:\users\tuananhle\documents\visual studio 2013\projectcu\missilesim_chris\missilesim_chris\debug\simstate.obj
c:\users\tuananhle\documents\visual studio 2013\projectcu\missilesim_chris\missilesim_chris\debug\simtime.obj
c:\users\tuananhle\documents\visual studio 2013\projectcu\missilesim_chris\missilesim_chris\debug\timer.obj
c:\users\tuananhle\documents\visual studio 2013\projectcu\missilesim_chris\missilesim_chris\debug\bogackishampine23.obj
c:\users\tuananhle\documents\visual studio 2013\projectcu\missilesim_chris\missilesim_chris\debug\butcherintegrator.obj
c:\users\tuananhle\documents\visual studio 2013\projectcu\missilesim_chris\missilesim_chris\debug\butchertable.obj
c:\users\tuananhle\documents\visual studio 2013\projectcu\missilesim_chris\missilesim_chris\debug\constants.obj
c:\users\tuananhle\documents\visual studio 2013\projectcu\missilesim_chris\missilesim_chris\debug\dataprinter.obj
c:\users\tuananhle\documents\visual studio 2013\projectcu\missilesim_chris\missilesim_chris\debug\discretemodel.obj
c:\users\tuananhle\documents\visual studio 2013\projectcu\missilesim_chris\missilesim_chris\debug\dynamicmodel.obj
c:\users\tuananhle\documents\visual studio 2013\projectcu\missilesim_chris\missilesim_chris\debug\earth.obj
c:\users\tuananhle\documents\visual studio 2013\projectcu\missilesim_chris\missilesim_chris\debug\eulerangles.obj
c:\users\tuananhle\documents\visual studio 2013\projectcu\missilesim_chris\missilesim_chris\debug\expliciteuler.obj
c:\users\tuananhle\documents\visual studio 2013\projectcu\missilesim_chris\missilesim_chris\debug\explicittrapezoidal.obj
c:\users\tuananhle\documents\visual studio 2013\projectcu\missilesim_chris\missilesim_chris\debug\missilesim_chris.tlog\cl.command.1.tlog
c:\users\tuananhle\documents\visual studio 2013\projectcu\missilesim_chris\missilesim_chris\debug\missilesim_chris.tlog\cl.read.1.tlog
c:\users\tuananhle\documents\visual studio 2013\projectcu\missilesim_chris\missilesim_chris\debug\missilesim_chris.tlog\cl.write.1.tlog
